
  .   ____          _            __ _ _
 /\\ / ___'_ __ _ _(_)_ __  __ _ \ \ \ \
( ( )\___ | '_ | '_| | '_ \/ _` | \ \ \ \
 \\/  ___)| |_)| | | | | || (_| |  ) ) ) )
  '  |____| .__|_| |_|_| |_\__, | / / / /
 =========|_|==============|___/=/_/_/_/

 :: Spring Boot ::                (v3.5.5)

2025-10-11T10:17:58.645-03:00  INFO 17562 --- [pasantias Grupo 10] [           main] c.s.pasantias.PasantiasApplication       : Starting PasantiasApplication v0.0.1-SNAPSHOT using Java 21.0.8 with PID 17562 (/home/mateo/Backend/Seminario_Integrador_2025/pasantias/target/pasantias-0.0.1-SNAPSHOT.jar started by mateo in /home/mateo/Backend/Seminario_Integrador_2025/pasantias)
2025-10-11T10:17:58.647-03:00  INFO 17562 --- [pasantias Grupo 10] [           main] c.s.pasantias.PasantiasApplication       : No active profile set, falling back to 1 default profile: "default"
2025-10-11T10:17:59.742-03:00  INFO 17562 --- [pasantias Grupo 10] [           main] o.s.b.w.embedded.tomcat.TomcatWebServer  : Tomcat initialized with port 8080 (http)
2025-10-11T10:17:59.760-03:00  INFO 17562 --- [pasantias Grupo 10] [           main] o.apache.catalina.core.StandardService   : Starting service [Tomcat]
2025-10-11T10:17:59.760-03:00  INFO 17562 --- [pasantias Grupo 10] [           main] o.apache.catalina.core.StandardEngine    : Starting Servlet engine: [Apache Tomcat/10.1.44]
2025-10-11T10:17:59.783-03:00  INFO 17562 --- [pasantias Grupo 10] [           main] o.a.c.c.C.[Tomcat].[localhost].[/]       : Initializing Spring embedded WebApplicationContext
2025-10-11T10:17:59.784-03:00  INFO 17562 --- [pasantias Grupo 10] [           main] w.s.c.ServletWebServerApplicationContext : Root WebApplicationContext: initialization completed in 1102 ms
2025-10-11T10:18:00.037-03:00  INFO 17562 --- [pasantias Grupo 10] [           main] r$InitializeUserDetailsManagerConfigurer : Global AuthenticationManager configured with UserDetailsService bean with name userDetailsServiceImpl
2025-10-11T10:18:00.666-03:00  INFO 17562 --- [pasantias Grupo 10] [           main] o.s.b.w.embedded.tomcat.TomcatWebServer  : Tomcat started on port 8080 (http) with context path '/'
2025-10-11T10:18:00.680-03:00  INFO 17562 --- [pasantias Grupo 10] [           main] c.s.pasantias.PasantiasApplication       : Started PasantiasApplication in 2.365 seconds (process running for 2.813)
2025-10-11T10:18:08.314-03:00  INFO 17562 --- [pasantias Grupo 10] [nio-8080-exec-1] o.a.c.c.C.[Tomcat].[localhost].[/]       : Initializing Spring DispatcherServlet 'dispatcherServlet'
2025-10-11T10:18:08.314-03:00  INFO 17562 --- [pasantias Grupo 10] [nio-8080-exec-1] o.s.web.servlet.DispatcherServlet        : Initializing Servlet 'dispatcherServlet'
2025-10-11T10:18:08.315-03:00  INFO 17562 --- [pasantias Grupo 10] [nio-8080-exec-1] o.s.web.servlet.DispatcherServlet        : Completed initialization in 1 ms
2025-10-11T10:18:08.356-03:00  INFO 17562 --- [pasantias Grupo 10] [nio-8080-exec-1] com.zaxxer.hikari.HikariDataSource       : HikariPool-1 - Starting...
2025-10-11T10:18:08.617-03:00  INFO 17562 --- [pasantias Grupo 10] [nio-8080-exec-1] com.zaxxer.hikari.pool.HikariPool        : HikariPool-1 - Added connection com.mysql.cj.jdbc.ConnectionImpl@224beee6
2025-10-11T10:18:08.619-03:00  INFO 17562 --- [pasantias Grupo 10] [nio-8080-exec-1] com.zaxxer.hikari.HikariDataSource       : HikariPool-1 - Start completed.
2025-10-11T10:20:46.010-03:00  INFO 17562 --- [pasantias Grupo 10] [nio-8080-exec-4] o.springdoc.api.AbstractOpenApiResource  : Init duration for springdoc-openapi is: 478 ms
2025-10-11T10:30:54.949-03:00  INFO 17562 --- [pasantias Grupo 10] [ionShutdownHook] o.s.b.w.e.tomcat.GracefulShutdown        : Commencing graceful shutdown. Waiting for active requests to complete
2025-10-11T10:30:54.952-03:00  INFO 17562 --- [pasantias Grupo 10] [tomcat-shutdown] o.s.b.w.e.tomcat.GracefulShutdown        : Graceful shutdown complete
2025-10-11T10:30:54.956-03:00  INFO 17562 --- [pasantias Grupo 10] [ionShutdownHook] com.zaxxer.hikari.HikariDataSource       : HikariPool-1 - Shutdown initiated...
2025-10-11T10:30:54.958-03:00  INFO 17562 --- [pasantias Grupo 10] [ionShutdownHook] com.zaxxer.hikari.HikariDataSource       : HikariPool-1 - Shutdown completed.

  .   ____          _            __ _ _
 /\\ / ___'_ __ _ _(_)_ __  __ _ \ \ \ \
( ( )\___ | '_ | '_| | '_ \/ _` | \ \ \ \
 \\/  ___)| |_)| | | | | || (_| |  ) ) ) )
  '  |____| .__|_| |_|_| |_\__, | / / / /
 =========|_|==============|___/=/_/_/_/

 :: Spring Boot ::                (v3.5.5)

2025-10-11T11:21:46.575-03:00  INFO 24981 --- [pasantias Grupo 10] [           main] c.s.pasantias.PasantiasApplication       : Starting PasantiasApplication v0.0.1-SNAPSHOT using Java 21.0.8 with PID 24981 (/home/mateo/Backend/Seminario_Integrador_2025/pasantias/target/pasantias-0.0.1-SNAPSHOT.jar started by mateo in /home/mateo/Backend/Seminario_Integrador_2025/pasantias)
2025-10-11T11:21:46.576-03:00  INFO 24981 --- [pasantias Grupo 10] [           main] c.s.pasantias.PasantiasApplication       : No active profile set, falling back to 1 default profile: "default"
2025-10-11T11:21:47.580-03:00  INFO 24981 --- [pasantias Grupo 10] [           main] o.s.b.w.embedded.tomcat.TomcatWebServer  : Tomcat initialized with port 8080 (http)
2025-10-11T11:21:47.593-03:00  INFO 24981 --- [pasantias Grupo 10] [           main] o.apache.catalina.core.StandardService   : Starting service [Tomcat]
2025-10-11T11:21:47.593-03:00  INFO 24981 --- [pasantias Grupo 10] [           main] o.apache.catalina.core.StandardEngine    : Starting Servlet engine: [Apache Tomcat/10.1.44]
2025-10-11T11:21:47.613-03:00  INFO 24981 --- [pasantias Grupo 10] [           main] o.a.c.c.C.[Tomcat].[localhost].[/]       : Initializing Spring embedded WebApplicationContext
2025-10-11T11:21:47.614-03:00  INFO 24981 --- [pasantias Grupo 10] [           main] w.s.c.ServletWebServerApplicationContext : Root WebApplicationContext: initialization completed in 1007 ms
2025-10-11T11:21:47.807-03:00  INFO 24981 --- [pasantias Grupo 10] [           main] r$InitializeUserDetailsManagerConfigurer : Global AuthenticationManager configured with UserDetailsService bean with name userDetailsServiceImpl
2025-10-11T11:21:48.341-03:00  INFO 24981 --- [pasantias Grupo 10] [           main] o.s.b.w.embedded.tomcat.TomcatWebServer  : Tomcat started on port 8080 (http) with context path '/'
2025-10-11T11:21:48.355-03:00  INFO 24981 --- [pasantias Grupo 10] [           main] c.s.pasantias.PasantiasApplication       : Started PasantiasApplication in 2.123 seconds (process running for 2.565)
2025-10-11T11:22:07.371-03:00  INFO 24981 --- [pasantias Grupo 10] [nio-8080-exec-2] o.a.c.c.C.[Tomcat].[localhost].[/]       : Initializing Spring DispatcherServlet 'dispatcherServlet'
2025-10-11T11:22:07.372-03:00  INFO 24981 --- [pasantias Grupo 10] [nio-8080-exec-2] o.s.web.servlet.DispatcherServlet        : Initializing Servlet 'dispatcherServlet'
2025-10-11T11:22:07.373-03:00  INFO 24981 --- [pasantias Grupo 10] [nio-8080-exec-2] o.s.web.servlet.DispatcherServlet        : Completed initialization in 1 ms
2025-10-11T11:22:07.463-03:00  INFO 24981 --- [pasantias Grupo 10] [nio-8080-exec-1] com.zaxxer.hikari.HikariDataSource       : HikariPool-1 - Starting...
2025-10-11T11:22:07.792-03:00  INFO 24981 --- [pasantias Grupo 10] [nio-8080-exec-1] com.zaxxer.hikari.pool.HikariPool        : HikariPool-1 - Added connection com.mysql.cj.jdbc.ConnectionImpl@6f38ad91
2025-10-11T11:22:07.796-03:00  INFO 24981 --- [pasantias Grupo 10] [nio-8080-exec-1] com.zaxxer.hikari.HikariDataSource       : HikariPool-1 - Start completed.
